<?xml version="1.0" encoding="UTF-8"?>
<testsuite xmlns:xsi="http://www.w3.org/2001/XMLSchema-instance" xsi:noNamespaceSchemaLocation="https://maven.apache.org/surefire/maven-surefire-plugin/xsd/surefire-test-report.xsd" version="3.0.2" name="com.example.oms.OmsApplicationTests" time="10.272" tests="1" errors="0" skipped="0" failures="0" flakes="0">
  <properties>
[...]
</properties>
  <testcase name="contextLoads" classname="com.example.oms.OmsApplicationTests" time="0.023">
    <system-out><![CDATA[11:50:08.848 [main] INFO org.springframework.test.context.support.AnnotationConfigContextLoaderUtils -- Could not detect default configuration classes for test class [com.example.oms.OmsApplicationTests]: OmsApplicationTests does not declare any static, non-private, non-final, nested classes annotated with @Configuration.
11:50:09.100 [main] INFO org.springframework.boot.test.context.SpringBootTestContextBootstrapper -- Found @SpringBootConfiguration com.example.oms.OmsApplication for test class com.example.oms.OmsApplicationTests
11:50:09.288 [main] INFO org.springframework.test.context.support.AnnotationConfigContextLoaderUtils -- Could not detect default configuration classes for test class [com.example.oms.OmsApplicationTests]: OmsApplicationTests does not declare any static, non-private, non-final, nested classes annotated with @Configuration.
11:50:09.292 [main] INFO org.springframework.boot.test.context.SpringBootTestContextBootstrapper -- Found @SpringBootConfiguration com.example.oms.OmsApplication for test class com.example.oms.OmsApplicationTests
11:50:09.377 [main] INFO org.springframework.boot.devtools.restart.RestartApplicationListener -- Restart disabled due to context in which it is running

  .   ____          _            __ _ _
 /\\ / ___'_ __ _ _(_)_ __  __ _ \ \ \ \
( ( )\___ | '_ | '_| | '_ \/ _` | \ \ \ \
 \\/  ___)| |_)| | | | | || (_| |  ) ) ) )
  '  |____| .__|_| |_|_| |_\__, | / / / /
 =========|_|==============|___/=/_/_/_/

 :: Spring Boot ::                (v4.1.1)

2026-09-21T11:50:09.772Z  INFO 5320 --- [oms] [           main] com.example.oms.OmsApplicationTests      : Starting OmsApplicationTests using Java 21.0.8 with PID 5320 (started by vscode in /workspaces/order-management-system)
2026-09-21T11:50:09.774Z  INFO 5320 --- [oms] [           main] com.example.oms.OmsApplicationTests      : No active profile set, falling back to 1 default profile: "default"
2026-09-21T11:50:11.132Z  INFO 5320 --- [oms] [           main] .s.d.r.c.RepositoryConfigurationDelegate : Bootstrapping Spring Data JPA repositories in DEFAULT mode.
2026-09-21T11:50:11.224Z  INFO 5320 --- [oms] [           main] .s.d.r.c.RepositoryConfigurationDelegate : Finished Spring Data repository scanning in 80 ms. Found 6 JPA repository interfaces.
2026-09-21T11:50:11.954Z  INFO 5320 --- [oms] [           main] org.hibernate.orm.jpa                    : HHH008540: Processing PersistenceUnitInfo [name: default]
2026-09-21T11:50:12.056Z  INFO 5320 --- [oms] [           main] org.hibernate.orm.core                   : HHH000001: Hibernate ORM core version 7.4.5.Final
2026-09-21T11:50:12.501Z  INFO 5320 --- [oms] [           main] o.s.o.j.p.SpringPersistenceUnitInfo      : No LoadTimeWeaver setup: ignoring JPA class transformer
2026-09-21T11:50:12.546Z  INFO 5320 --- [oms] [           main] com.zaxxer.hikari.HikariDataSource       : HikariPool-1 - Starting...
2026-09-21T11:50:12.837Z  INFO 5320 --- [oms] [           main] com.zaxxer.hikari.pool.HikariPool        : HikariPool-1 - Added connection conn0: url=jdbc:h2:mem:omsdb user=SA
2026-09-21T11:50:12.839Z  INFO 5320 --- [oms] [           main] com.zaxxer.hikari.HikariDataSource       : HikariPool-1 - Start completed.
2026-09-21T11:50:12.991Z  INFO 5320 --- [oms] [           main] org.hibernate.orm.connections.pooling    : HHH10001005: Database info:
	Database JDBC URL [jdbc:h2:mem:omsdb]
	Database driver: H2 JDBC Driver
	Database dialect: H2Dialect
	Database version: 2.4.240
	Default catalog/schema: OMSDB/PUBLIC
	Autocommit mode: undefined/unknown
	Isolation level: READ_COMMITTED [default READ_COMMITTED]
	JDBC fetch size: 100
	Pool: DataSourceConnectionProvider
	Minimum pool size: undefined/unknown
	Maximum pool size: undefined/unknown
2026-09-21T11:50:14.116Z  INFO 5320 --- [oms] [           main] org.hibernate.orm.core                   : HHH000489: No JTA platform available (set 'hibernate.transaction.jta.platform' to enable JTA platform integration)
Hibernate: 
    create table cart_items (
        id bigint generated by default as identity,
        quantity integer not null,
        cart_id bigint not null,
        product_id bigint not null,
        primary key (id)
    )
Hibernate: 
    create table carts (
        id bigint generated by default as identity,
        user_id bigint not null,
        primary key (id)
    )
Hibernate: 
    create table categories (
        id bigint generated by default as identity,
        name varchar(255) not null,
        primary key (id)
    )
Hibernate: 
    create table order_items (
        id bigint generated by default as identity,
        price_at_purchase numeric(10,2) not null,
        quantity integer not null,
        order_id bigint not null,
        product_id bigint not null,
        primary key (id)
    )
Hibernate: 
    create table orders (
        id bigint generated by default as identity,
        created_at timestamp(6),
        status enum ('CANCELLED','DELIVERED','PAID','PLACED','SHIPPED') not null,
        total_amount numeric(12,2) not null,
        user_id bigint not null,
        primary key (id)
    )
Hibernate: 
    create table payments (
        id bigint generated by default as identity,
        amount numeric(12,2) not null,
        paid_at timestamp(6),
        status enum ('FAILED','SUCCESS') not null,
        order_id bigint not null,
        primary key (id)
    )
Hibernate: 
    create table products (
        id bigint generated by default as identity,
        description varchar(255),
        name varchar(255) not null,
        price numeric(10,2) not null,
        stock_qty integer not null,
        category_id bigint not null,
        primary key (id)
    )
Hibernate: 
    create table users (
        id bigint generated by default as identity,
        created_at timestamp(6),
        email varchar(255) not null,
        name varchar(255) not null,
        password varchar(255) not null,
        role enum ('ADMIN','CUSTOMER') not null,
        primary key (id)
    )
Hibernate: 
    alter table if exists carts 
       drop constraint if exists UK64t7ox312pqal3p7fg9o503c2
Hibernate: 
    alter table if exists carts 
       add constraint UK64t7ox312pqal3p7fg9o503c2 unique (user_id)
Hibernate: 
    alter table if exists categories 
       drop constraint if exists UKt8o6pivur7nn124jehx7cygw5
Hibernate: 
    alter table if exists categories 
       add constraint UKt8o6pivur7nn124jehx7cygw5 unique (name)
Hibernate: 
    create index idx_order_items_order_id 
       on order_items (order_id)
Hibernate: 
    create index idx_order_items_product_id 
       on order_items (product_id)
Hibernate: 
    create index idx_orders_user_id 
       on orders (user_id)
Hibernate: 
    create index idx_orders_status_created 
       on orders (status, created_at)
Hibernate: 
    alter table if exists payments 
       drop constraint if exists UK8vo36cen604as7etdfwmyjsxt
Hibernate: 
    alter table if exists payments 
       add constraint UK8vo36cen604as7etdfwmyjsxt unique (order_id)
Hibernate: 
    create index idx_products_category_id 
       on products (category_id)
Hibernate: 
    create index idx_products_name 
       on products (name)
Hibernate: 
    alter table if exists users 
       drop constraint if exists UK6dotkott2kjsp8vw4d0m25fb7
Hibernate: 
    alter table if exists users 
       add constraint UK6dotkott2kjsp8vw4d0m25fb7 unique (email)
Hibernate: 
    alter table if exists cart_items 
       add constraint FKpcttvuq4mxppo8sxggjtn5i2c 
       foreign key (cart_id) 
       references carts
Hibernate: 
    alter table if exists cart_items 
       add constraint FK1re40cjegsfvw58xrkdp6bac6 
       foreign key (product_id) 
       references products
Hibernate: 
    alter table if exists carts 
       add constraint FKb5o626f86h46m4s7ms6ginnop 
       foreign key (user_id) 
       references users
Hibernate: 
    alter table if exists order_items 
       add constraint FKbioxgbv59vetrxe0ejfubep1w 
       foreign key (order_id) 
       references orders
Hibernate: 
    alter table if exists order_items 
       add constraint FKocimc7dtr037rh4ls4l95nlfi 
       foreign key (product_id) 
       references products
Hibernate: 
    alter table if exists orders 
       add constraint FK32ql8ubntj5uh44ph9659tiih 
       foreign key (user_id) 
       references users
Hibernate: 
    alter table if exists payments 
       add constraint FK81gagumt0r8y3rmudcgpbk42l 
       foreign key (order_id) 
       references orders
Hibernate: 
    alter table if exists products 
       add constraint FKog2rp4qthbtt2lfyhfo32lsw9 
       foreign key (category_id) 
       references categories
2026-09-21T11:50:14.280Z  INFO 5320 --- [oms] [           main] j.LocalContainerEntityManagerFactoryBean : Initialized JPA EntityManagerFactory for persistence unit 'default'
2026-09-21T11:50:14.444Z  INFO 5320 --- [oms] [           main] o.s.d.j.r.query.QueryEnhancerFactories   : Hibernate is in classpath; If applicable, HQL parser will be used.
2026-09-21T11:50:17.570Z  WARN 5320 --- [oms] [           main] JpaBaseConfiguration$JpaWebConfiguration : spring.jpa.open-in-view is enabled by default. Therefore, database queries may be performed during view rendering. Explicitly configure spring.jpa.open-in-view to disable this warning
2026-09-21T11:50:18.132Z  INFO 5320 --- [oms] [           main] o.s.b.h.a.H2ConsoleAutoConfiguration     : H2 console available at '/h2-console'. Database available at 'jdbc:h2:mem:omsdb'
2026-09-21T11:50:18.281Z  INFO 5320 --- [oms] [           main] com.example.oms.OmsApplicationTests      : Started OmsApplicationTests in 8.913 seconds (process running for 14.067)
Hibernate: 
    select
        count(*) 
    from
        categories c1_0
Hibernate: 
    insert 
    into
        categories
        (name, id) 
    values
        (?, default)
Hibernate: 
    insert 
    into
        categories
        (name, id) 
    values
        (?, default)
Hibernate: 
    insert 
    into
        categories
        (name, id) 
    values
        (?, default)
Hibernate: 
    insert 
    into
        products
        (category_id, description, name, price, stock_qty, id) 
    values
        (?, ?, ?, ?, ?, default)
Hibernate: 
    insert 
    into
        products
        (category_id, description, name, price, stock_qty, id) 
    values
        (?, ?, ?, ?, ?, default)
Hibernate: 
    insert 
    into
        products
        (category_id, description, name, price, stock_qty, id) 
    values
        (?, ?, ?, ?, ?, default)
Hibernate: 
    insert 
    into
        products
        (category_id, description, name, price, stock_qty, id) 
    values
        (?, ?, ?, ?, ?, default)
Hibernate: 
    insert 
    into
        products
        (category_id, description, name, price, stock_qty, id) 
    values
        (?, ?, ?, ?, ?, default)
Hibernate: 
    insert 
    into
        products
        (category_id, description, name, price, stock_qty, id) 
    values
        (?, ?, ?, ?, ?, default)
Hibernate: 
    insert 
    into
        products
        (category_id, description, name, price, stock_qty, id) 
    values
        (?, ?, ?, ?, ?, default)
Hibernate: 
    insert 
    into
        products
        (category_id, description, name, price, stock_qty, id) 
    values
        (?, ?, ?, ?, ?, default)
Hibernate: 
    insert 
    into
        products
        (category_id, description, name, price, stock_qty, id) 
    values
        (?, ?, ?, ?, ?, default)
Hibernate: 
    insert 
    into
        products
        (category_id, description, name, price, stock_qty, id) 
    values
        (?, ?, ?, ?, ?, default)
Hibernate: 
    insert 
    into
        products
        (category_id, description, name, price, stock_qty, id) 
    values
        (?, ?, ?, ?, ?, default)
Hibernate: 
    insert 
    into
        products
        (category_id, description, name, price, stock_qty, id) 
    values
        (?, ?, ?, ?, ?, default)
Hibernate: 
    insert 
    into
        products
        (category_id, description, name, price, stock_qty, id) 
    values
        (?, ?, ?, ?, ?, default)
Hibernate: 
    insert 
    into
        products
        (category_id, description, name, price, stock_qty, id) 
    values
        (?, ?, ?, ?, ?, default)
Hibernate: 
    insert 
    into
        products
        (category_id, description, name, price, stock_qty, id) 
    values
        (?, ?, ?, ?, ?, default)
Hibernate: 
    insert 
    into
        products
        (category_id, description, name, price, stock_qty, id) 
    values
        (?, ?, ?, ?, ?, default)
Hibernate: 
    insert 
    into
        products
        (category_id, description, name, price, stock_qty, id) 
    values
        (?, ?, ?, ?, ?, default)
Hibernate: 
    insert 
    into
        products
        (category_id, description, name, price, stock_qty, id) 
    values
        (?, ?, ?, ?, ?, default)
Hibernate: 
    insert 
    into
        products
        (category_id, description, name, price, stock_qty, id) 
    values
        (?, ?, ?, ?, ?, default)
Hibernate: 
    insert 
    into
        products
        (category_id, description, name, price, stock_qty, id) 
    values
        (?, ?, ?, ?, ?, default)
Hibernate: 
    insert 
    into
        products
        (category_id, description, name, price, stock_qty, id) 
    values
        (?, ?, ?, ?, ?, default)
Hibernate: 
    insert 
    into
        products
        (category_id, description, name, price, stock_qty, id) 
    values
        (?, ?, ?, ?, ?, default)
Hibernate: 
    insert 
    into
        products
        (category_id, description, name, price, stock_qty, id) 
    values
        (?, ?, ?, ?, ?, default)
Hibernate: 
    insert 
    into
        products
        (category_id, description, name, price, stock_qty, id) 
    values
        (?, ?, ?, ?, ?, default)
Hibernate: 
    insert 
    into
        products
        (category_id, description, name, price, stock_qty, id) 
    values
        (?, ?, ?, ?, ?, default)
]]></system-out>
  </testcase>
</testsuite>